0 info it worked if it ends with ok
1 verbose cli [ 'C:\\Program Files\\nodejs\\node.exe',
1 verbose cli   'C:\\Program Files\\nodejs\\node_modules\\npm\\bin\\npm-cli.js',
1 verbose cli   'install',
1 verbose cli   'express' ]
2 info using npm@2.14.12
3 info using node@v4.2.4
4 verbose install initial load of C:\workspaceJavaScript\Demo\package.json
5 verbose readDependencies loading dependencies from C:\workspaceJavaScript\Demo\package.json
6 silly cache add args [ 'express', null ]
7 verbose cache add spec express
8 silly cache add parsed spec Result {
8 silly cache add   raw: 'express',
8 silly cache add   scope: null,
8 silly cache add   name: 'express',
8 silly cache add   rawSpec: '',
8 silly cache add   spec: 'latest',
8 silly cache add   type: 'tag' }
9 silly addNamed express@latest
10 verbose addNamed "latest" is being treated as a dist-tag for express
11 info addNameTag [ 'express', 'latest' ]
12 silly mapToRegistry name express
13 silly mapToRegistry using default registry
14 silly mapToRegistry registry https://registry.npmjs.org/
15 silly mapToRegistry uri https://registry.npmjs.org/express
16 verbose addNameTag registry:https://registry.npmjs.org/express not in flight; fetching
17 verbose request uri https://registry.npmjs.org/express
18 verbose request no auth needed
19 info attempt registry request try #1 at 2:07:05 PM
20 verbose request id 7c4859f730e1f18c
21 http request GET https://registry.npmjs.org/express
22 info retry will retry, error on last attempt: Error: connect ETIMEDOUT 151.101.60.162:443
23 info attempt registry request try #2 at 2:07:37 PM
24 http request GET https://registry.npmjs.org/express
25 info retry will retry, error on last attempt: Error: connect ETIMEDOUT 151.101.60.162:443
26 info attempt registry request try #3 at 2:08:59 PM
27 http request GET https://registry.npmjs.org/express
28 verbose stack Error: connect ETIMEDOUT 151.101.16.162:443
28 verbose stack     at Object.exports._errnoException (util.js:870:11)
28 verbose stack     at exports._exceptionWithHostPort (util.js:893:20)
28 verbose stack     at TCPConnectWrap.afterConnect [as oncomplete] (net.js:1063:14)
29 verbose cwd C:\workspaceJavaScript\Demo
30 error Windows_NT 6.1.7601
31 error argv "C:\\Program Files\\nodejs\\node.exe" "C:\\Program Files\\nodejs\\node_modules\\npm\\bin\\npm-cli.js" "install" "express"
32 error node v4.2.4
33 error npm  v2.14.12
34 error code ETIMEDOUT
35 error errno ETIMEDOUT
36 error syscall connect
37 error network connect ETIMEDOUT 151.101.16.162:443
37 error network This is most likely not a problem with npm itself
37 error network and is related to network connectivity.
37 error network In most cases you are behind a proxy or have bad network settings.
37 error network
37 error network If you are behind a proxy, please make sure that the
37 error network 'proxy' config is set properly.  See: 'npm help config'
38 verbose exit [ 1, true ]
